<?xml version="1.0" encoding="UTF-8"?>
<!-- Generated by org.testng.reporters.JUnitXMLReporter -->
<testsuite ignored="7" hostname="honor" failures="0" tests="1" name="Default test" time="23.572" errors="0" timestamp="2025-02-15T21:18:19 GMT-05:00">
  <testcase classname="Amrithavarshini8tech.Appium.appium" name="potrait_To_Landscape" time="11.01"/>
  <testcase classname="Amrithavarshini8tech.Appium.appium" name="longPressGesture" time="0.0">
    <ignored/>
  </testcase> <!-- longPressGesture -->
  <testcase classname="Amrithavarshini8tech.Appium.appium" name="swipeGesture" time="0.0">
    <ignored/>
  </testcase> <!-- swipeGesture -->
  <testcase classname="Amrithavarshini8tech.Appium.appium" name="scrollGestureToEnd_Coordinates" time="0.0">
    <ignored/>
  </testcase> <!-- scrollGestureToEnd_Coordinates -->
  <testcase classname="Amrithavarshini8tech.Appium.appium" name="appiumTest_Preference" time="0.0">
    <ignored/>
  </testcase> <!-- appiumTest_Preference -->
  <testcase classname="Amrithavarshini8tech.Appium.appium" name="clipboard" time="0.0">
    <ignored/>
  </testcase> <!-- clipboard -->
  <testcase classname="Amrithavarshini8tech.Appium.appium" name="dragAndDrop" time="0.0">
    <ignored/>
  </testcase> <!-- dragAndDrop -->
  <testcase classname="Amrithavarshini8tech.Appium.appium" name="scrollGesture_Element" time="0.0">
    <ignored/>
  </testcase> <!-- scrollGesture_Element -->
</testsuite> <!-- Default test -->
