<?xml version="1.0" encoding="UTF-8"?>
<testng-results ignored="7" total="8" passed="1" failed="0" skipped="0">
  <reporter-output>
  </reporter-output>
  <suite started-at="2025-02-15T21:17:56 GMT-05:00" name="Default suite" finished-at="2025-02-15T21:18:19 GMT-05:00" duration-ms="23572">
    <groups>
    </groups>
    <test started-at="2025-02-15T21:17:56 GMT-05:00" name="Default test" finished-at="2025-02-15T21:18:19 GMT-05:00" duration-ms="23572">
      <class name="Amrithavarshini8tech.Appium.appium">
        <test-method is-config="true" signature="startDriver()[pri:0, instance:Amrithavarshini8tech.Appium.appium@6c1a5b54]" started-at="2025-02-15T21:17:56 GMT-05:00" name="startDriver" finished-at="2025-02-15T21:18:07 GMT-05:00" duration-ms="11598" status="PASS">
          <reporter-output>
          </reporter-output>
        </test-method> <!-- startDriver -->
        <test-method signature="potrait_To_Landscape()[pri:0, instance:Amrithavarshini8tech.Appium.appium@6c1a5b54]" started-at="2025-02-15T21:18:07 GMT-05:00" name="potrait_To_Landscape" finished-at="2025-02-15T21:18:18 GMT-05:00" duration-ms="11010" status="PASS">
          <reporter-output>
          </reporter-output>
        </test-method> <!-- potrait_To_Landscape -->
        <test-method is-config="true" signature="quitDriver()[pri:0, instance:Amrithavarshini8tech.Appium.appium@6c1a5b54]" started-at="2025-02-15T21:18:18 GMT-05:00" name="quitDriver" finished-at="2025-02-15T21:18:19 GMT-05:00" duration-ms="870" status="PASS">
          <reporter-output>
          </reporter-output>
        </test-method> <!-- quitDriver -->
      </class> <!-- Amrithavarshini8tech.Appium.appium -->
    </test> <!-- Default test -->
  </suite> <!-- Default suite -->
</testng-results>
