<?xml version="1.0" encoding="UTF-8"?>
<!-- Generated by org.testng.reporters.JUnitReportReporter -->
<testsuite hostname="honor" failures="0" tests="2" name="Amrithavarshini8tech.Appium.appium" time="41.646" errors="0" timestamp="2025-02-14T14:49:13 GMT-05:00" skipped="0">
  <testcase classname="Amrithavarshini8tech.Appium.appium" name="longPress" time="21.314"/>
  <testcase classname="Amrithavarshini8tech.Appium.appium" name="appiumTest_Preference" time="20.332"/>
</testsuite> <!-- Amrithavarshini8tech.Appium.appium -->
