<?xml version="1.0" encoding="UTF-8"?>
<!-- Generated by org.testng.reporters.JUnitReportReporter -->
<testsuite hostname="honor" failures="0" tests="8" name="Amrithavarshini8tech.Appium.appium" time="23.478" errors="0" timestamp="2025-02-15T21:18:19 GMT-05:00" skipped="7">
  <testcase classname="Amrithavarshini8tech.Appium.appium" name="potrait_To_Landscape" time="23.478"/>
  <testcase classname="Amrithavarshini8tech.Appium.appium" name="longPressGesture">
    <skipped/>
  </testcase> <!-- longPressGesture -->
  <testcase classname="Amrithavarshini8tech.Appium.appium" name="swipeGesture">
    <skipped/>
  </testcase> <!-- swipeGesture -->
  <testcase classname="Amrithavarshini8tech.Appium.appium" name="scrollGestureToEnd_Coordinates">
    <skipped/>
  </testcase> <!-- scrollGestureToEnd_Coordinates -->
  <testcase classname="Amrithavarshini8tech.Appium.appium" name="appiumTest_Preference">
    <skipped/>
  </testcase> <!-- appiumTest_Preference -->
  <testcase classname="Amrithavarshini8tech.Appium.appium" name="clipboard">
    <skipped/>
  </testcase> <!-- clipboard -->
  <testcase classname="Amrithavarshini8tech.Appium.appium" name="dragAndDrop">
    <skipped/>
  </testcase> <!-- dragAndDrop -->
  <testcase classname="Amrithavarshini8tech.Appium.appium" name="scrollGesture_Element">
    <skipped/>
  </testcase> <!-- scrollGesture_Element -->
</testsuite> <!-- Amrithavarshini8tech.Appium.appium -->
